{
  "RSpec": {
    "coverage": {
      "/home/juanpablo/login/app/models/user.rb": [
        1,
        1,
        null,
        null,
        null,
        1,
        null,
        null,
        null,
        1,
        1,
        null,
        null,
        1,
        1,
        null,
        null,
        1,
        null,
        null,
        1,
        1,
        1,
        1,
        1,
        null,
        null,
        null,
        null,
        null,
        null,
        null,
        null,
        null,
        null,
        null,
        null,
        null,
        null,
        null
      ],
      "/home/juanpablo/login/app/helpers/application_helper.rb": [
        1,
        null
      ],
      "/home/juanpablo/login/app/helpers/home_helper.rb": [
        1,
        null
      ],
      "/home/juanpablo/login/app/controllers/application_controller.rb": [
        1,
        null,
        null,
        1,
        null
      ],
      "/home/juanpablo/login/app/controllers/home_controller.rb": [
        1,
        1,
        null,
        null
      ]
    },
    "timestamp": 1372575842
  }
}
